<?xml version="1.0" encoding="UTF-8"?>
<!-- Generated by org.testng.reporters.JUnitReportReporter -->
<testsuite skipped="0" hostname="01HW1074112" name="com.tcs.saf.test.PHPTravlesFlightBooking" tests="1" failures="0" timestamp="25 Sep 2020 12:32:19 GMT" time="42.062" errors="0">
  <testcase name="FlightbookingTest" time="42.062" classname="com.tcs.saf.test.PHPTravlesFlightBooking"/>
</testsuite> <!-- com.tcs.saf.test.PHPTravlesFlightBooking -->
