<?xml version="1.0" encoding="UTF-8"?>
<!-- Generated by org.testng.reporters.JUnitReportReporter -->
<testsuite skipped="0" hostname="01HW1074112" name="com.tcs.saf.test.FlightBooking" tests="1" failures="0" timestamp="17 Jul 2020 06:04:27 GMT" time="30.971" errors="0">
  <testcase name="FlightbookingTest" time="30.971" classname="com.tcs.saf.test.FlightBooking"/>
</testsuite> <!-- com.tcs.saf.test.FlightBooking -->
